2025-05-25 20:22:19.474 +07:00 [ERR] [Unhandled Error] /api/Employee
Npgsql.PostgresException (0x80004005): 42883: procedure dara_sp_insert_employee(uuid, text, text, text, timestamp with time zone, uuid, text) does not exist

POSITION: 6
   at Npgsql.Internal.NpgsqlConnector.ReadMessageLong(Boolean async, DataRowLoadingMode dataRowLoadingMode, Boolean readingNotifications, Boolean isReadingPrependedMessage)
   at System.Runtime.CompilerServices.PoolingAsyncValueTaskMethodBuilder`1.StateMachineBox`1.System.Threading.Tasks.Sources.IValueTaskSource<TResult>.GetResult(Int16 token)
   at Npgsql.NpgsqlDataReader.NextResult(Boolean async, Boolean isConsuming, CancellationToken cancellationToken)
   at Npgsql.NpgsqlDataReader.NextResult(Boolean async, Boolean isConsuming, CancellationToken cancellationToken)
   at Npgsql.NpgsqlCommand.ExecuteReader(Boolean async, CommandBehavior behavior, CancellationToken cancellationToken)
   at Npgsql.NpgsqlCommand.ExecuteReader(Boolean async, CommandBehavior behavior, CancellationToken cancellationToken)
   at Npgsql.NpgsqlCommand.ExecuteNonQuery(Boolean async, CancellationToken cancellationToken)
   at Dapper.SqlMapper.ExecuteImplAsync(IDbConnection cnn, CommandDefinition command, Object param) in /_/Dapper/SqlMapper.Async.cs:line 662
   at training.Repositories.EmployeeRepository.CallSpInsert(EmployeeDto employee) in C:\Users\User\Documents\Developer\dotNet\training\training\Repositories\EmployeeRepository.cs:line 136
   at training.Controllers.EmployeeController.Create(EmployeeDto dto) in C:\Users\User\Documents\Developer\dotNet\training\training\Controllers\EmployeeController.cs:line 65
   at Microsoft.AspNetCore.Mvc.Infrastructure.ActionMethodExecutor.TaskOfIActionResultExecutor.Execute(ActionContext actionContext, IActionResultTypeMapper mapper, ObjectMethodExecutor executor, Object controller, Object[] arguments)
   at Microsoft.AspNetCore.Mvc.Infrastructure.ControllerActionInvoker.<InvokeActionMethodAsync>g__Awaited|12_0(ControllerActionInvoker invoker, ValueTask`1 actionResultValueTask)
   at Microsoft.AspNetCore.Mvc.Infrastructure.ControllerActionInvoker.<InvokeNextActionFilterAsync>g__Awaited|10_0(ControllerActionInvoker invoker, Task lastTask, State next, Scope scope, Object state, Boolean isCompleted)
   at Microsoft.AspNetCore.Mvc.Infrastructure.ControllerActionInvoker.Rethrow(ActionExecutedContextSealed context)
   at Microsoft.AspNetCore.Mvc.Infrastructure.ControllerActionInvoker.Next(State& next, Scope& scope, Object& state, Boolean& isCompleted)
   at Microsoft.AspNetCore.Mvc.Infrastructure.ControllerActionInvoker.<InvokeInnerFilterAsync>g__Awaited|13_0(ControllerActionInvoker invoker, Task lastTask, State next, Scope scope, Object state, Boolean isCompleted)
   at Microsoft.AspNetCore.Mvc.Infrastructure.ResourceInvoker.<InvokeFilterPipelineAsync>g__Awaited|20_0(ResourceInvoker invoker, Task lastTask, State next, Scope scope, Object state, Boolean isCompleted)
   at Microsoft.AspNetCore.Mvc.Infrastructure.ResourceInvoker.<InvokeAsync>g__Awaited|17_0(ResourceInvoker invoker, Task task, IDisposable scope)
   at Microsoft.AspNetCore.Mvc.Infrastructure.ResourceInvoker.<InvokeAsync>g__Awaited|17_0(ResourceInvoker invoker, Task task, IDisposable scope)
   at Microsoft.AspNetCore.Authorization.AuthorizationMiddleware.Invoke(HttpContext context)
   at Microsoft.AspNetCore.Authentication.AuthenticationMiddleware.Invoke(HttpContext context)
   at Microsoft.AspNetCore.Diagnostics.StatusCodePagesMiddleware.Invoke(HttpContext context)
   at training.Middlewares.ExceptionMiddleware.Invoke(HttpContext context) in C:\Users\User\Documents\Developer\dotNet\training\training\Middlewares\ExceptionMiddleware.cs:line 23
  Exception data:
    Severity: ERROR
    SqlState: 42883
    MessageText: procedure dara_sp_insert_employee(uuid, text, text, text, timestamp with time zone, uuid, text) does not exist
    Hint: No procedure matches the given name and argument types. You might need to add explicit type casts.
    Position: 6
    File: parse_func.c
    Line: 622
    Routine: ParseFuncOrColumn
2025-05-25 20:25:40.617 +07:00 [ERR] [Unhandled Error] /api/Employee
Npgsql.PostgresException (0x80004005): 42883: procedure dara_sp_insert_employee(uuid, text, text, text, timestamp with time zone, uuid, text) does not exist

POSITION: 6
   at Npgsql.Internal.NpgsqlConnector.ReadMessageLong(Boolean async, DataRowLoadingMode dataRowLoadingMode, Boolean readingNotifications, Boolean isReadingPrependedMessage)
   at System.Runtime.CompilerServices.PoolingAsyncValueTaskMethodBuilder`1.StateMachineBox`1.System.Threading.Tasks.Sources.IValueTaskSource<TResult>.GetResult(Int16 token)
   at Npgsql.NpgsqlDataReader.NextResult(Boolean async, Boolean isConsuming, CancellationToken cancellationToken)
   at Npgsql.NpgsqlDataReader.NextResult(Boolean async, Boolean isConsuming, CancellationToken cancellationToken)
   at Npgsql.NpgsqlCommand.ExecuteReader(Boolean async, CommandBehavior behavior, CancellationToken cancellationToken)
   at Npgsql.NpgsqlCommand.ExecuteReader(Boolean async, CommandBehavior behavior, CancellationToken cancellationToken)
   at Npgsql.NpgsqlCommand.ExecuteNonQuery(Boolean async, CancellationToken cancellationToken)
   at Dapper.SqlMapper.ExecuteImplAsync(IDbConnection cnn, CommandDefinition command, Object param) in /_/Dapper/SqlMapper.Async.cs:line 662
   at training.Repositories.EmployeeRepository.CallSpInsert(EmployeeDto employee) in C:\Users\User\Documents\Developer\dotNet\training\training\Repositories\EmployeeRepository.cs:line 136
   at training.Controllers.EmployeeController.Create(EmployeeDto dto) in C:\Users\User\Documents\Developer\dotNet\training\training\Controllers\EmployeeController.cs:line 65
   at Microsoft.AspNetCore.Mvc.Infrastructure.ActionMethodExecutor.TaskOfIActionResultExecutor.Execute(ActionContext actionContext, IActionResultTypeMapper mapper, ObjectMethodExecutor executor, Object controller, Object[] arguments)
   at Microsoft.AspNetCore.Mvc.Infrastructure.ControllerActionInvoker.<InvokeActionMethodAsync>g__Awaited|12_0(ControllerActionInvoker invoker, ValueTask`1 actionResultValueTask)
   at Microsoft.AspNetCore.Mvc.Infrastructure.ControllerActionInvoker.<InvokeNextActionFilterAsync>g__Awaited|10_0(ControllerActionInvoker invoker, Task lastTask, State next, Scope scope, Object state, Boolean isCompleted)
   at Microsoft.AspNetCore.Mvc.Infrastructure.ControllerActionInvoker.Rethrow(ActionExecutedContextSealed context)
   at Microsoft.AspNetCore.Mvc.Infrastructure.ControllerActionInvoker.Next(State& next, Scope& scope, Object& state, Boolean& isCompleted)
   at Microsoft.AspNetCore.Mvc.Infrastructure.ControllerActionInvoker.<InvokeInnerFilterAsync>g__Awaited|13_0(ControllerActionInvoker invoker, Task lastTask, State next, Scope scope, Object state, Boolean isCompleted)
   at Microsoft.AspNetCore.Mvc.Infrastructure.ResourceInvoker.<InvokeFilterPipelineAsync>g__Awaited|20_0(ResourceInvoker invoker, Task lastTask, State next, Scope scope, Object state, Boolean isCompleted)
   at Microsoft.AspNetCore.Mvc.Infrastructure.ResourceInvoker.<InvokeAsync>g__Awaited|17_0(ResourceInvoker invoker, Task task, IDisposable scope)
   at Microsoft.AspNetCore.Mvc.Infrastructure.ResourceInvoker.<InvokeAsync>g__Awaited|17_0(ResourceInvoker invoker, Task task, IDisposable scope)
   at Microsoft.AspNetCore.Authorization.AuthorizationMiddleware.Invoke(HttpContext context)
   at Microsoft.AspNetCore.Authentication.AuthenticationMiddleware.Invoke(HttpContext context)
   at Microsoft.AspNetCore.Diagnostics.StatusCodePagesMiddleware.Invoke(HttpContext context)
   at training.Middlewares.ExceptionMiddleware.Invoke(HttpContext context) in C:\Users\User\Documents\Developer\dotNet\training\training\Middlewares\ExceptionMiddleware.cs:line 23
  Exception data:
    Severity: ERROR
    SqlState: 42883
    MessageText: procedure dara_sp_insert_employee(uuid, text, text, text, timestamp with time zone, uuid, text) does not exist
    Hint: No procedure matches the given name and argument types. You might need to add explicit type casts.
    Position: 6
    File: parse_func.c
    Line: 622
    Routine: ParseFuncOrColumn
2025-05-25 20:27:53.809 +07:00 [ERR] [Unhandled Error] /api/Employee
Npgsql.PostgresException (0x80004005): 42883: procedure dara_sp_insert_employee(uuid, text, text, text, timestamp with time zone, uuid, text) does not exist

POSITION: 6
   at Npgsql.Internal.NpgsqlConnector.ReadMessageLong(Boolean async, DataRowLoadingMode dataRowLoadingMode, Boolean readingNotifications, Boolean isReadingPrependedMessage)
   at System.Runtime.CompilerServices.PoolingAsyncValueTaskMethodBuilder`1.StateMachineBox`1.System.Threading.Tasks.Sources.IValueTaskSource<TResult>.GetResult(Int16 token)
   at Npgsql.NpgsqlDataReader.NextResult(Boolean async, Boolean isConsuming, CancellationToken cancellationToken)
   at Npgsql.NpgsqlDataReader.NextResult(Boolean async, Boolean isConsuming, CancellationToken cancellationToken)
   at Npgsql.NpgsqlCommand.ExecuteReader(Boolean async, CommandBehavior behavior, CancellationToken cancellationToken)
   at Npgsql.NpgsqlCommand.ExecuteReader(Boolean async, CommandBehavior behavior, CancellationToken cancellationToken)
   at Npgsql.NpgsqlCommand.ExecuteNonQuery(Boolean async, CancellationToken cancellationToken)
   at Dapper.SqlMapper.ExecuteImplAsync(IDbConnection cnn, CommandDefinition command, Object param) in /_/Dapper/SqlMapper.Async.cs:line 662
   at training.Repositories.EmployeeRepository.CallSpInsert(EmployeeDto employee) in C:\Users\User\Documents\Developer\dotNet\training\training\Repositories\EmployeeRepository.cs:line 136
   at training.Controllers.EmployeeController.Create(EmployeeDto dto) in C:\Users\User\Documents\Developer\dotNet\training\training\Controllers\EmployeeController.cs:line 65
   at Microsoft.AspNetCore.Mvc.Infrastructure.ActionMethodExecutor.TaskOfIActionResultExecutor.Execute(ActionContext actionContext, IActionResultTypeMapper mapper, ObjectMethodExecutor executor, Object controller, Object[] arguments)
   at Microsoft.AspNetCore.Mvc.Infrastructure.ControllerActionInvoker.<InvokeActionMethodAsync>g__Awaited|12_0(ControllerActionInvoker invoker, ValueTask`1 actionResultValueTask)
   at Microsoft.AspNetCore.Mvc.Infrastructure.ControllerActionInvoker.<InvokeNextActionFilterAsync>g__Awaited|10_0(ControllerActionInvoker invoker, Task lastTask, State next, Scope scope, Object state, Boolean isCompleted)
   at Microsoft.AspNetCore.Mvc.Infrastructure.ControllerActionInvoker.Rethrow(ActionExecutedContextSealed context)
   at Microsoft.AspNetCore.Mvc.Infrastructure.ControllerActionInvoker.Next(State& next, Scope& scope, Object& state, Boolean& isCompleted)
   at Microsoft.AspNetCore.Mvc.Infrastructure.ControllerActionInvoker.<InvokeInnerFilterAsync>g__Awaited|13_0(ControllerActionInvoker invoker, Task lastTask, State next, Scope scope, Object state, Boolean isCompleted)
   at Microsoft.AspNetCore.Mvc.Infrastructure.ResourceInvoker.<InvokeFilterPipelineAsync>g__Awaited|20_0(ResourceInvoker invoker, Task lastTask, State next, Scope scope, Object state, Boolean isCompleted)
   at Microsoft.AspNetCore.Mvc.Infrastructure.ResourceInvoker.<InvokeAsync>g__Awaited|17_0(ResourceInvoker invoker, Task task, IDisposable scope)
   at Microsoft.AspNetCore.Mvc.Infrastructure.ResourceInvoker.<InvokeAsync>g__Awaited|17_0(ResourceInvoker invoker, Task task, IDisposable scope)
   at Microsoft.AspNetCore.Authorization.AuthorizationMiddleware.Invoke(HttpContext context)
   at Microsoft.AspNetCore.Authentication.AuthenticationMiddleware.Invoke(HttpContext context)
   at Microsoft.AspNetCore.Diagnostics.StatusCodePagesMiddleware.Invoke(HttpContext context)
   at training.Middlewares.ExceptionMiddleware.Invoke(HttpContext context) in C:\Users\User\Documents\Developer\dotNet\training\training\Middlewares\ExceptionMiddleware.cs:line 23
  Exception data:
    Severity: ERROR
    SqlState: 42883
    MessageText: procedure dara_sp_insert_employee(uuid, text, text, text, timestamp with time zone, uuid, text) does not exist
    Hint: No procedure matches the given name and argument types. You might need to add explicit type casts.
    Position: 6
    File: parse_func.c
    Line: 622
    Routine: ParseFuncOrColumn
2025-05-25 20:28:46.921 +07:00 [ERR] [Unhandled Error] /api/Employee
Npgsql.PostgresException (0x80004005): 42883: procedure dara_sp_insert_employee(uuid, text, text, text, timestamp with time zone, uuid, text) does not exist

POSITION: 6
   at Npgsql.Internal.NpgsqlConnector.ReadMessageLong(Boolean async, DataRowLoadingMode dataRowLoadingMode, Boolean readingNotifications, Boolean isReadingPrependedMessage)
   at System.Runtime.CompilerServices.PoolingAsyncValueTaskMethodBuilder`1.StateMachineBox`1.System.Threading.Tasks.Sources.IValueTaskSource<TResult>.GetResult(Int16 token)
   at Npgsql.NpgsqlDataReader.NextResult(Boolean async, Boolean isConsuming, CancellationToken cancellationToken)
   at Npgsql.NpgsqlDataReader.NextResult(Boolean async, Boolean isConsuming, CancellationToken cancellationToken)
   at Npgsql.NpgsqlCommand.ExecuteReader(Boolean async, CommandBehavior behavior, CancellationToken cancellationToken)
   at Npgsql.NpgsqlCommand.ExecuteReader(Boolean async, CommandBehavior behavior, CancellationToken cancellationToken)
   at Npgsql.NpgsqlCommand.ExecuteNonQuery(Boolean async, CancellationToken cancellationToken)
   at Dapper.SqlMapper.ExecuteImplAsync(IDbConnection cnn, CommandDefinition command, Object param) in /_/Dapper/SqlMapper.Async.cs:line 662
   at training.Repositories.EmployeeRepository.CallSpInsert(EmployeeDto employee) in C:\Users\User\Documents\Developer\dotNet\training\training\Repositories\EmployeeRepository.cs:line 136
   at training.Controllers.EmployeeController.Create(EmployeeDto dto) in C:\Users\User\Documents\Developer\dotNet\training\training\Controllers\EmployeeController.cs:line 65
   at Microsoft.AspNetCore.Mvc.Infrastructure.ActionMethodExecutor.TaskOfIActionResultExecutor.Execute(ActionContext actionContext, IActionResultTypeMapper mapper, ObjectMethodExecutor executor, Object controller, Object[] arguments)
   at Microsoft.AspNetCore.Mvc.Infrastructure.ControllerActionInvoker.<InvokeActionMethodAsync>g__Awaited|12_0(ControllerActionInvoker invoker, ValueTask`1 actionResultValueTask)
   at Microsoft.AspNetCore.Mvc.Infrastructure.ControllerActionInvoker.<InvokeNextActionFilterAsync>g__Awaited|10_0(ControllerActionInvoker invoker, Task lastTask, State next, Scope scope, Object state, Boolean isCompleted)
   at Microsoft.AspNetCore.Mvc.Infrastructure.ControllerActionInvoker.Rethrow(ActionExecutedContextSealed context)
   at Microsoft.AspNetCore.Mvc.Infrastructure.ControllerActionInvoker.Next(State& next, Scope& scope, Object& state, Boolean& isCompleted)
   at Microsoft.AspNetCore.Mvc.Infrastructure.ControllerActionInvoker.<InvokeInnerFilterAsync>g__Awaited|13_0(ControllerActionInvoker invoker, Task lastTask, State next, Scope scope, Object state, Boolean isCompleted)
   at Microsoft.AspNetCore.Mvc.Infrastructure.ResourceInvoker.<InvokeFilterPipelineAsync>g__Awaited|20_0(ResourceInvoker invoker, Task lastTask, State next, Scope scope, Object state, Boolean isCompleted)
   at Microsoft.AspNetCore.Mvc.Infrastructure.ResourceInvoker.<InvokeAsync>g__Awaited|17_0(ResourceInvoker invoker, Task task, IDisposable scope)
   at Microsoft.AspNetCore.Mvc.Infrastructure.ResourceInvoker.<InvokeAsync>g__Awaited|17_0(ResourceInvoker invoker, Task task, IDisposable scope)
   at Microsoft.AspNetCore.Authorization.AuthorizationMiddleware.Invoke(HttpContext context)
   at Microsoft.AspNetCore.Authentication.AuthenticationMiddleware.Invoke(HttpContext context)
   at Microsoft.AspNetCore.Diagnostics.StatusCodePagesMiddleware.Invoke(HttpContext context)
   at training.Middlewares.ExceptionMiddleware.Invoke(HttpContext context) in C:\Users\User\Documents\Developer\dotNet\training\training\Middlewares\ExceptionMiddleware.cs:line 23
  Exception data:
    Severity: ERROR
    SqlState: 42883
    MessageText: procedure dara_sp_insert_employee(uuid, text, text, text, timestamp with time zone, uuid, text) does not exist
    Hint: No procedure matches the given name and argument types. You might need to add explicit type casts.
    Position: 6
    File: parse_func.c
    Line: 622
    Routine: ParseFuncOrColumn
2025-05-25 20:34:08.075 +07:00 [ERR] [Unhandled Error] /api/Employee
Npgsql.PostgresException (0x80004005): 42883: procedure dara_sp_insert_employee(uuid, text, text, text, timestamp with time zone, uuid, text) does not exist

POSITION: 6
   at Npgsql.Internal.NpgsqlConnector.ReadMessageLong(Boolean async, DataRowLoadingMode dataRowLoadingMode, Boolean readingNotifications, Boolean isReadingPrependedMessage)
   at System.Runtime.CompilerServices.PoolingAsyncValueTaskMethodBuilder`1.StateMachineBox`1.System.Threading.Tasks.Sources.IValueTaskSource<TResult>.GetResult(Int16 token)
   at Npgsql.NpgsqlDataReader.NextResult(Boolean async, Boolean isConsuming, CancellationToken cancellationToken)
   at Npgsql.NpgsqlDataReader.NextResult(Boolean async, Boolean isConsuming, CancellationToken cancellationToken)
   at Npgsql.NpgsqlCommand.ExecuteReader(Boolean async, CommandBehavior behavior, CancellationToken cancellationToken)
   at Npgsql.NpgsqlCommand.ExecuteReader(Boolean async, CommandBehavior behavior, CancellationToken cancellationToken)
   at Npgsql.NpgsqlCommand.ExecuteNonQuery(Boolean async, CancellationToken cancellationToken)
   at Dapper.SqlMapper.ExecuteImplAsync(IDbConnection cnn, CommandDefinition command, Object param) in /_/Dapper/SqlMapper.Async.cs:line 662
   at training.Repositories.EmployeeRepository.CallSpInsert(EmployeeDto employee) in C:\Users\User\Documents\Developer\dotNet\training\training\Repositories\EmployeeRepository.cs:line 136
   at training.Controllers.EmployeeController.Create(EmployeeDto dto) in C:\Users\User\Documents\Developer\dotNet\training\training\Controllers\EmployeeController.cs:line 65
   at Microsoft.AspNetCore.Mvc.Infrastructure.ActionMethodExecutor.TaskOfIActionResultExecutor.Execute(ActionContext actionContext, IActionResultTypeMapper mapper, ObjectMethodExecutor executor, Object controller, Object[] arguments)
   at Microsoft.AspNetCore.Mvc.Infrastructure.ControllerActionInvoker.<InvokeActionMethodAsync>g__Awaited|12_0(ControllerActionInvoker invoker, ValueTask`1 actionResultValueTask)
   at Microsoft.AspNetCore.Mvc.Infrastructure.ControllerActionInvoker.<InvokeNextActionFilterAsync>g__Awaited|10_0(ControllerActionInvoker invoker, Task lastTask, State next, Scope scope, Object state, Boolean isCompleted)
   at Microsoft.AspNetCore.Mvc.Infrastructure.ControllerActionInvoker.Rethrow(ActionExecutedContextSealed context)
   at Microsoft.AspNetCore.Mvc.Infrastructure.ControllerActionInvoker.Next(State& next, Scope& scope, Object& state, Boolean& isCompleted)
   at Microsoft.AspNetCore.Mvc.Infrastructure.ControllerActionInvoker.<InvokeInnerFilterAsync>g__Awaited|13_0(ControllerActionInvoker invoker, Task lastTask, State next, Scope scope, Object state, Boolean isCompleted)
   at Microsoft.AspNetCore.Mvc.Infrastructure.ResourceInvoker.<InvokeFilterPipelineAsync>g__Awaited|20_0(ResourceInvoker invoker, Task lastTask, State next, Scope scope, Object state, Boolean isCompleted)
   at Microsoft.AspNetCore.Mvc.Infrastructure.ResourceInvoker.<InvokeAsync>g__Awaited|17_0(ResourceInvoker invoker, Task task, IDisposable scope)
   at Microsoft.AspNetCore.Mvc.Infrastructure.ResourceInvoker.<InvokeAsync>g__Awaited|17_0(ResourceInvoker invoker, Task task, IDisposable scope)
   at Microsoft.AspNetCore.Authorization.AuthorizationMiddleware.Invoke(HttpContext context)
   at Microsoft.AspNetCore.Authentication.AuthenticationMiddleware.Invoke(HttpContext context)
   at Microsoft.AspNetCore.Diagnostics.StatusCodePagesMiddleware.Invoke(HttpContext context)
   at training.Middlewares.ExceptionMiddleware.Invoke(HttpContext context) in C:\Users\User\Documents\Developer\dotNet\training\training\Middlewares\ExceptionMiddleware.cs:line 23
  Exception data:
    Severity: ERROR
    SqlState: 42883
    MessageText: procedure dara_sp_insert_employee(uuid, text, text, text, timestamp with time zone, uuid, text) does not exist
    Hint: No procedure matches the given name and argument types. You might need to add explicit type casts.
    Position: 6
    File: parse_func.c
    Line: 622
    Routine: ParseFuncOrColumn
{"@t":"2025-05-25T13:35:36.5658911Z","@mt":"[Unhandled Error] {Path}","@l":"Error","@x":"Npgsql.PostgresException (0x80004005): 42883: procedure dara_sp_insert_employee(uuid, text, text, text, timestamp with time zone, uuid, text) does not exist\r\n\r\nPOSITION: 6\r\n   at Npgsql.Internal.NpgsqlConnector.ReadMessageLong(Boolean async, DataRowLoadingMode dataRowLoadingMode, Boolean readingNotifications, Boolean isReadingPrependedMessage)\r\n   at System.Runtime.CompilerServices.PoolingAsyncValueTaskMethodBuilder`1.StateMachineBox`1.System.Threading.Tasks.Sources.IValueTaskSource<TResult>.GetResult(Int16 token)\r\n   at Npgsql.NpgsqlDataReader.NextResult(Boolean async, Boolean isConsuming, CancellationToken cancellationToken)\r\n   at Npgsql.NpgsqlDataReader.NextResult(Boolean async, Boolean isConsuming, CancellationToken cancellationToken)\r\n   at Npgsql.NpgsqlCommand.ExecuteReader(Boolean async, CommandBehavior behavior, CancellationToken cancellationToken)\r\n   at Npgsql.NpgsqlCommand.ExecuteReader(Boolean async, CommandBehavior behavior, CancellationToken cancellationToken)\r\n   at Npgsql.NpgsqlCommand.ExecuteNonQuery(Boolean async, CancellationToken cancellationToken)\r\n   at Dapper.SqlMapper.ExecuteImplAsync(IDbConnection cnn, CommandDefinition command, Object param) in /_/Dapper/SqlMapper.Async.cs:line 662\r\n   at training.Repositories.EmployeeRepository.CallSpInsert(EmployeeDto employee) in C:\\Users\\User\\Documents\\Developer\\dotNet\\training\\training\\Repositories\\EmployeeRepository.cs:line 136\r\n   at training.Controllers.EmployeeController.Create(EmployeeDto dto) in C:\\Users\\User\\Documents\\Developer\\dotNet\\training\\training\\Controllers\\EmployeeController.cs:line 65\r\n   at Microsoft.AspNetCore.Mvc.Infrastructure.ActionMethodExecutor.TaskOfIActionResultExecutor.Execute(ActionContext actionContext, IActionResultTypeMapper mapper, ObjectMethodExecutor executor, Object controller, Object[] arguments)\r\n   at Microsoft.AspNetCore.Mvc.Infrastructure.ControllerActionInvoker.<InvokeActionMethodAsync>g__Awaited|12_0(ControllerActionInvoker invoker, ValueTask`1 actionResultValueTask)\r\n   at Microsoft.AspNetCore.Mvc.Infrastructure.ControllerActionInvoker.<InvokeNextActionFilterAsync>g__Awaited|10_0(ControllerActionInvoker invoker, Task lastTask, State next, Scope scope, Object state, Boolean isCompleted)\r\n   at Microsoft.AspNetCore.Mvc.Infrastructure.ControllerActionInvoker.Rethrow(ActionExecutedContextSealed context)\r\n   at Microsoft.AspNetCore.Mvc.Infrastructure.ControllerActionInvoker.Next(State& next, Scope& scope, Object& state, Boolean& isCompleted)\r\n   at Microsoft.AspNetCore.Mvc.Infrastructure.ControllerActionInvoker.<InvokeInnerFilterAsync>g__Awaited|13_0(ControllerActionInvoker invoker, Task lastTask, State next, Scope scope, Object state, Boolean isCompleted)\r\n   at Microsoft.AspNetCore.Mvc.Infrastructure.ResourceInvoker.<InvokeFilterPipelineAsync>g__Awaited|20_0(ResourceInvoker invoker, Task lastTask, State next, Scope scope, Object state, Boolean isCompleted)\r\n   at Microsoft.AspNetCore.Mvc.Infrastructure.ResourceInvoker.<InvokeAsync>g__Awaited|17_0(ResourceInvoker invoker, Task task, IDisposable scope)\r\n   at Microsoft.AspNetCore.Mvc.Infrastructure.ResourceInvoker.<InvokeAsync>g__Awaited|17_0(ResourceInvoker invoker, Task task, IDisposable scope)\r\n   at Microsoft.AspNetCore.Authorization.AuthorizationMiddleware.Invoke(HttpContext context)\r\n   at Microsoft.AspNetCore.Authentication.AuthenticationMiddleware.Invoke(HttpContext context)\r\n   at Microsoft.AspNetCore.Diagnostics.StatusCodePagesMiddleware.Invoke(HttpContext context)\r\n   at training.Middlewares.ExceptionMiddleware.Invoke(HttpContext context) in C:\\Users\\User\\Documents\\Developer\\dotNet\\training\\training\\Middlewares\\ExceptionMiddleware.cs:line 23\r\n  Exception data:\r\n    Severity: ERROR\r\n    SqlState: 42883\r\n    MessageText: procedure dara_sp_insert_employee(uuid, text, text, text, timestamp with time zone, uuid, text) does not exist\r\n    Hint: No procedure matches the given name and argument types. You might need to add explicit type casts.\r\n    Position: 6\r\n    File: parse_func.c\r\n    Line: 622\r\n    Routine: ParseFuncOrColumn","@tr":"62f0afa090d486bbeea95d58d9db78cc","@sp":"c9aa8c0aec8e09c6","Path":"/api/Employee","SourceContext":"training.Middlewares.ExceptionMiddleware","RequestId":"40000015-0002-ff00-b63f-84710c7967bb","RequestPath":"/api/Employee"}
{"@t":"2025-05-25T13:38:53.2353259Z","@mt":"[Unhandled Error] {Path}","@l":"Error","@x":"Npgsql.PostgresException (0x80004005): 42883: procedure dara_sp_insert_employee(uuid, text, text, text, timestamp with time zone, uuid, text) does not exist\r\n\r\nPOSITION: 6\r\n   at Npgsql.Internal.NpgsqlConnector.ReadMessageLong(Boolean async, DataRowLoadingMode dataRowLoadingMode, Boolean readingNotifications, Boolean isReadingPrependedMessage)\r\n   at System.Runtime.CompilerServices.PoolingAsyncValueTaskMethodBuilder`1.StateMachineBox`1.System.Threading.Tasks.Sources.IValueTaskSource<TResult>.GetResult(Int16 token)\r\n   at Npgsql.NpgsqlDataReader.NextResult(Boolean async, Boolean isConsuming, CancellationToken cancellationToken)\r\n   at Npgsql.NpgsqlDataReader.NextResult(Boolean async, Boolean isConsuming, CancellationToken cancellationToken)\r\n   at Npgsql.NpgsqlCommand.ExecuteReader(Boolean async, CommandBehavior behavior, CancellationToken cancellationToken)\r\n   at Npgsql.NpgsqlCommand.ExecuteReader(Boolean async, CommandBehavior behavior, CancellationToken cancellationToken)\r\n   at Npgsql.NpgsqlCommand.ExecuteNonQuery(Boolean async, CancellationToken cancellationToken)\r\n   at Dapper.SqlMapper.ExecuteImplAsync(IDbConnection cnn, CommandDefinition command, Object param) in /_/Dapper/SqlMapper.Async.cs:line 662\r\n   at training.Repositories.EmployeeRepository.CallSpInsert(EmployeeDto employee) in C:\\Users\\User\\Documents\\Developer\\dotNet\\training\\training\\Repositories\\EmployeeRepository.cs:line 136\r\n   at training.Controllers.EmployeeController.Create(EmployeeDto dto) in C:\\Users\\User\\Documents\\Developer\\dotNet\\training\\training\\Controllers\\EmployeeController.cs:line 65\r\n   at Microsoft.AspNetCore.Mvc.Infrastructure.ActionMethodExecutor.TaskOfIActionResultExecutor.Execute(ActionContext actionContext, IActionResultTypeMapper mapper, ObjectMethodExecutor executor, Object controller, Object[] arguments)\r\n   at Microsoft.AspNetCore.Mvc.Infrastructure.ControllerActionInvoker.<InvokeActionMethodAsync>g__Awaited|12_0(ControllerActionInvoker invoker, ValueTask`1 actionResultValueTask)\r\n   at Microsoft.AspNetCore.Mvc.Infrastructure.ControllerActionInvoker.<InvokeNextActionFilterAsync>g__Awaited|10_0(ControllerActionInvoker invoker, Task lastTask, State next, Scope scope, Object state, Boolean isCompleted)\r\n   at Microsoft.AspNetCore.Mvc.Infrastructure.ControllerActionInvoker.Rethrow(ActionExecutedContextSealed context)\r\n   at Microsoft.AspNetCore.Mvc.Infrastructure.ControllerActionInvoker.Next(State& next, Scope& scope, Object& state, Boolean& isCompleted)\r\n   at Microsoft.AspNetCore.Mvc.Infrastructure.ControllerActionInvoker.<InvokeInnerFilterAsync>g__Awaited|13_0(ControllerActionInvoker invoker, Task lastTask, State next, Scope scope, Object state, Boolean isCompleted)\r\n   at Microsoft.AspNetCore.Mvc.Infrastructure.ResourceInvoker.<InvokeFilterPipelineAsync>g__Awaited|20_0(ResourceInvoker invoker, Task lastTask, State next, Scope scope, Object state, Boolean isCompleted)\r\n   at Microsoft.AspNetCore.Mvc.Infrastructure.ResourceInvoker.<InvokeAsync>g__Awaited|17_0(ResourceInvoker invoker, Task task, IDisposable scope)\r\n   at Microsoft.AspNetCore.Mvc.Infrastructure.ResourceInvoker.<InvokeAsync>g__Awaited|17_0(ResourceInvoker invoker, Task task, IDisposable scope)\r\n   at Microsoft.AspNetCore.Authorization.AuthorizationMiddleware.Invoke(HttpContext context)\r\n   at Microsoft.AspNetCore.Authentication.AuthenticationMiddleware.Invoke(HttpContext context)\r\n   at Microsoft.AspNetCore.Diagnostics.StatusCodePagesMiddleware.Invoke(HttpContext context)\r\n   at training.Middlewares.ExceptionMiddleware.Invoke(HttpContext context) in C:\\Users\\User\\Documents\\Developer\\dotNet\\training\\training\\Middlewares\\ExceptionMiddleware.cs:line 23\r\n  Exception data:\r\n    Severity: ERROR\r\n    SqlState: 42883\r\n    MessageText: procedure dara_sp_insert_employee(uuid, text, text, text, timestamp with time zone, uuid, text) does not exist\r\n    Hint: No procedure matches the given name and argument types. You might need to add explicit type casts.\r\n    Position: 6\r\n    File: parse_func.c\r\n    Line: 622\r\n    Routine: ParseFuncOrColumn","@tr":"472bb96aa4bd9b15f4f94247a4ee342a","@sp":"9fb8bb3a194eebb1","Path":"/api/Employee","SourceContext":"training.Middlewares.ExceptionMiddleware","RequestId":"40000011-0001-fd00-b63f-84710c7967bb","RequestPath":"/api/Employee"}
{"@t":"2025-05-25T13:38:57.2558280Z","@mt":"[Unhandled Error] {Path}","@l":"Error","@x":"Npgsql.PostgresException (0x80004005): 42883: procedure dara_sp_insert_employee(uuid, text, text, text, timestamp with time zone, uuid, text) does not exist\r\n\r\nPOSITION: 6\r\n   at Npgsql.Internal.NpgsqlConnector.ReadMessageLong(Boolean async, DataRowLoadingMode dataRowLoadingMode, Boolean readingNotifications, Boolean isReadingPrependedMessage)\r\n   at System.Runtime.CompilerServices.PoolingAsyncValueTaskMethodBuilder`1.StateMachineBox`1.System.Threading.Tasks.Sources.IValueTaskSource<TResult>.GetResult(Int16 token)\r\n   at Npgsql.NpgsqlDataReader.NextResult(Boolean async, Boolean isConsuming, CancellationToken cancellationToken)\r\n   at Npgsql.NpgsqlDataReader.NextResult(Boolean async, Boolean isConsuming, CancellationToken cancellationToken)\r\n   at Npgsql.NpgsqlCommand.ExecuteReader(Boolean async, CommandBehavior behavior, CancellationToken cancellationToken)\r\n   at Npgsql.NpgsqlCommand.ExecuteReader(Boolean async, CommandBehavior behavior, CancellationToken cancellationToken)\r\n   at Npgsql.NpgsqlCommand.ExecuteNonQuery(Boolean async, CancellationToken cancellationToken)\r\n   at Dapper.SqlMapper.ExecuteImplAsync(IDbConnection cnn, CommandDefinition command, Object param) in /_/Dapper/SqlMapper.Async.cs:line 662\r\n   at training.Repositories.EmployeeRepository.CallSpInsert(EmployeeDto employee) in C:\\Users\\User\\Documents\\Developer\\dotNet\\training\\training\\Repositories\\EmployeeRepository.cs:line 136\r\n   at training.Controllers.EmployeeController.Create(EmployeeDto dto) in C:\\Users\\User\\Documents\\Developer\\dotNet\\training\\training\\Controllers\\EmployeeController.cs:line 65\r\n   at Microsoft.AspNetCore.Mvc.Infrastructure.ActionMethodExecutor.TaskOfIActionResultExecutor.Execute(ActionContext actionContext, IActionResultTypeMapper mapper, ObjectMethodExecutor executor, Object controller, Object[] arguments)\r\n   at Microsoft.AspNetCore.Mvc.Infrastructure.ControllerActionInvoker.<InvokeActionMethodAsync>g__Awaited|12_0(ControllerActionInvoker invoker, ValueTask`1 actionResultValueTask)\r\n   at Microsoft.AspNetCore.Mvc.Infrastructure.ControllerActionInvoker.<InvokeNextActionFilterAsync>g__Awaited|10_0(ControllerActionInvoker invoker, Task lastTask, State next, Scope scope, Object state, Boolean isCompleted)\r\n   at Microsoft.AspNetCore.Mvc.Infrastructure.ControllerActionInvoker.Rethrow(ActionExecutedContextSealed context)\r\n   at Microsoft.AspNetCore.Mvc.Infrastructure.ControllerActionInvoker.Next(State& next, Scope& scope, Object& state, Boolean& isCompleted)\r\n   at Microsoft.AspNetCore.Mvc.Infrastructure.ControllerActionInvoker.<InvokeInnerFilterAsync>g__Awaited|13_0(ControllerActionInvoker invoker, Task lastTask, State next, Scope scope, Object state, Boolean isCompleted)\r\n   at Microsoft.AspNetCore.Mvc.Infrastructure.ResourceInvoker.<InvokeFilterPipelineAsync>g__Awaited|20_0(ResourceInvoker invoker, Task lastTask, State next, Scope scope, Object state, Boolean isCompleted)\r\n   at Microsoft.AspNetCore.Mvc.Infrastructure.ResourceInvoker.<InvokeAsync>g__Awaited|17_0(ResourceInvoker invoker, Task task, IDisposable scope)\r\n   at Microsoft.AspNetCore.Mvc.Infrastructure.ResourceInvoker.<InvokeAsync>g__Awaited|17_0(ResourceInvoker invoker, Task task, IDisposable scope)\r\n   at Microsoft.AspNetCore.Authorization.AuthorizationMiddleware.Invoke(HttpContext context)\r\n   at Microsoft.AspNetCore.Authentication.AuthenticationMiddleware.Invoke(HttpContext context)\r\n   at Microsoft.AspNetCore.Diagnostics.StatusCodePagesMiddleware.Invoke(HttpContext context)\r\n   at training.Middlewares.ExceptionMiddleware.Invoke(HttpContext context) in C:\\Users\\User\\Documents\\Developer\\dotNet\\training\\training\\Middlewares\\ExceptionMiddleware.cs:line 23\r\n  Exception data:\r\n    Severity: ERROR\r\n    SqlState: 42883\r\n    MessageText: procedure dara_sp_insert_employee(uuid, text, text, text, timestamp with time zone, uuid, text) does not exist\r\n    Hint: No procedure matches the given name and argument types. You might need to add explicit type casts.\r\n    Position: 6\r\n    File: parse_func.c\r\n    Line: 622\r\n    Routine: ParseFuncOrColumn","@tr":"7aeeb0bbfe831bb4988cc14adc295097","@sp":"9fc040f12d80ddd8","Path":"/api/Employee","SourceContext":"training.Middlewares.ExceptionMiddleware","RequestId":"40000009-0004-fe00-b63f-84710c7967bb","RequestPath":"/api/Employee"}
{"@t":"2025-05-25T13:38:57.6753585Z","@mt":"[Unhandled Error] {Path}","@l":"Error","@x":"Npgsql.PostgresException (0x80004005): 42883: procedure dara_sp_insert_employee(uuid, text, text, text, timestamp with time zone, uuid, text) does not exist\r\n\r\nPOSITION: 6\r\n   at Npgsql.Internal.NpgsqlConnector.ReadMessageLong(Boolean async, DataRowLoadingMode dataRowLoadingMode, Boolean readingNotifications, Boolean isReadingPrependedMessage)\r\n   at System.Runtime.CompilerServices.PoolingAsyncValueTaskMethodBuilder`1.StateMachineBox`1.System.Threading.Tasks.Sources.IValueTaskSource<TResult>.GetResult(Int16 token)\r\n   at Npgsql.NpgsqlDataReader.NextResult(Boolean async, Boolean isConsuming, CancellationToken cancellationToken)\r\n   at Npgsql.NpgsqlDataReader.NextResult(Boolean async, Boolean isConsuming, CancellationToken cancellationToken)\r\n   at Npgsql.NpgsqlCommand.ExecuteReader(Boolean async, CommandBehavior behavior, CancellationToken cancellationToken)\r\n   at Npgsql.NpgsqlCommand.ExecuteReader(Boolean async, CommandBehavior behavior, CancellationToken cancellationToken)\r\n   at Npgsql.NpgsqlCommand.ExecuteNonQuery(Boolean async, CancellationToken cancellationToken)\r\n   at Dapper.SqlMapper.ExecuteImplAsync(IDbConnection cnn, CommandDefinition command, Object param) in /_/Dapper/SqlMapper.Async.cs:line 662\r\n   at training.Repositories.EmployeeRepository.CallSpInsert(EmployeeDto employee) in C:\\Users\\User\\Documents\\Developer\\dotNet\\training\\training\\Repositories\\EmployeeRepository.cs:line 136\r\n   at training.Controllers.EmployeeController.Create(EmployeeDto dto) in C:\\Users\\User\\Documents\\Developer\\dotNet\\training\\training\\Controllers\\EmployeeController.cs:line 65\r\n   at Microsoft.AspNetCore.Mvc.Infrastructure.ActionMethodExecutor.TaskOfIActionResultExecutor.Execute(ActionContext actionContext, IActionResultTypeMapper mapper, ObjectMethodExecutor executor, Object controller, Object[] arguments)\r\n   at Microsoft.AspNetCore.Mvc.Infrastructure.ControllerActionInvoker.<InvokeActionMethodAsync>g__Awaited|12_0(ControllerActionInvoker invoker, ValueTask`1 actionResultValueTask)\r\n   at Microsoft.AspNetCore.Mvc.Infrastructure.ControllerActionInvoker.<InvokeNextActionFilterAsync>g__Awaited|10_0(ControllerActionInvoker invoker, Task lastTask, State next, Scope scope, Object state, Boolean isCompleted)\r\n   at Microsoft.AspNetCore.Mvc.Infrastructure.ControllerActionInvoker.Rethrow(ActionExecutedContextSealed context)\r\n   at Microsoft.AspNetCore.Mvc.Infrastructure.ControllerActionInvoker.Next(State& next, Scope& scope, Object& state, Boolean& isCompleted)\r\n   at Microsoft.AspNetCore.Mvc.Infrastructure.ControllerActionInvoker.<InvokeInnerFilterAsync>g__Awaited|13_0(ControllerActionInvoker invoker, Task lastTask, State next, Scope scope, Object state, Boolean isCompleted)\r\n   at Microsoft.AspNetCore.Mvc.Infrastructure.ResourceInvoker.<InvokeFilterPipelineAsync>g__Awaited|20_0(ResourceInvoker invoker, Task lastTask, State next, Scope scope, Object state, Boolean isCompleted)\r\n   at Microsoft.AspNetCore.Mvc.Infrastructure.ResourceInvoker.<InvokeAsync>g__Awaited|17_0(ResourceInvoker invoker, Task task, IDisposable scope)\r\n   at Microsoft.AspNetCore.Mvc.Infrastructure.ResourceInvoker.<InvokeAsync>g__Awaited|17_0(ResourceInvoker invoker, Task task, IDisposable scope)\r\n   at Microsoft.AspNetCore.Authorization.AuthorizationMiddleware.Invoke(HttpContext context)\r\n   at Microsoft.AspNetCore.Authentication.AuthenticationMiddleware.Invoke(HttpContext context)\r\n   at Microsoft.AspNetCore.Diagnostics.StatusCodePagesMiddleware.Invoke(HttpContext context)\r\n   at training.Middlewares.ExceptionMiddleware.Invoke(HttpContext context) in C:\\Users\\User\\Documents\\Developer\\dotNet\\training\\training\\Middlewares\\ExceptionMiddleware.cs:line 23\r\n  Exception data:\r\n    Severity: ERROR\r\n    SqlState: 42883\r\n    MessageText: procedure dara_sp_insert_employee(uuid, text, text, text, timestamp with time zone, uuid, text) does not exist\r\n    Hint: No procedure matches the given name and argument types. You might need to add explicit type casts.\r\n    Position: 6\r\n    File: parse_func.c\r\n    Line: 622\r\n    Routine: ParseFuncOrColumn","@tr":"32661b249c145e05b067b1b90e5a5c37","@sp":"258c2a063725318f","Path":"/api/Employee","SourceContext":"training.Middlewares.ExceptionMiddleware","RequestId":"4000000b-0004-fe00-b63f-84710c7967bb","RequestPath":"/api/Employee"}
{"@t":"2025-05-25T13:38:57.8729459Z","@mt":"[Unhandled Error] {Path}","@l":"Error","@x":"Npgsql.PostgresException (0x80004005): 42883: procedure dara_sp_insert_employee(uuid, text, text, text, timestamp with time zone, uuid, text) does not exist\r\n\r\nPOSITION: 6\r\n   at Npgsql.Internal.NpgsqlConnector.ReadMessageLong(Boolean async, DataRowLoadingMode dataRowLoadingMode, Boolean readingNotifications, Boolean isReadingPrependedMessage)\r\n   at System.Runtime.CompilerServices.PoolingAsyncValueTaskMethodBuilder`1.StateMachineBox`1.System.Threading.Tasks.Sources.IValueTaskSource<TResult>.GetResult(Int16 token)\r\n   at Npgsql.NpgsqlDataReader.NextResult(Boolean async, Boolean isConsuming, CancellationToken cancellationToken)\r\n   at Npgsql.NpgsqlDataReader.NextResult(Boolean async, Boolean isConsuming, CancellationToken cancellationToken)\r\n   at Npgsql.NpgsqlCommand.ExecuteReader(Boolean async, CommandBehavior behavior, CancellationToken cancellationToken)\r\n   at Npgsql.NpgsqlCommand.ExecuteReader(Boolean async, CommandBehavior behavior, CancellationToken cancellationToken)\r\n   at Npgsql.NpgsqlCommand.ExecuteNonQuery(Boolean async, CancellationToken cancellationToken)\r\n   at Dapper.SqlMapper.ExecuteImplAsync(IDbConnection cnn, CommandDefinition command, Object param) in /_/Dapper/SqlMapper.Async.cs:line 662\r\n   at training.Repositories.EmployeeRepository.CallSpInsert(EmployeeDto employee) in C:\\Users\\User\\Documents\\Developer\\dotNet\\training\\training\\Repositories\\EmployeeRepository.cs:line 136\r\n   at training.Controllers.EmployeeController.Create(EmployeeDto dto) in C:\\Users\\User\\Documents\\Developer\\dotNet\\training\\training\\Controllers\\EmployeeController.cs:line 65\r\n   at Microsoft.AspNetCore.Mvc.Infrastructure.ActionMethodExecutor.TaskOfIActionResultExecutor.Execute(ActionContext actionContext, IActionResultTypeMapper mapper, ObjectMethodExecutor executor, Object controller, Object[] arguments)\r\n   at Microsoft.AspNetCore.Mvc.Infrastructure.ControllerActionInvoker.<InvokeActionMethodAsync>g__Awaited|12_0(ControllerActionInvoker invoker, ValueTask`1 actionResultValueTask)\r\n   at Microsoft.AspNetCore.Mvc.Infrastructure.ControllerActionInvoker.<InvokeNextActionFilterAsync>g__Awaited|10_0(ControllerActionInvoker invoker, Task lastTask, State next, Scope scope, Object state, Boolean isCompleted)\r\n   at Microsoft.AspNetCore.Mvc.Infrastructure.ControllerActionInvoker.Rethrow(ActionExecutedContextSealed context)\r\n   at Microsoft.AspNetCore.Mvc.Infrastructure.ControllerActionInvoker.Next(State& next, Scope& scope, Object& state, Boolean& isCompleted)\r\n   at Microsoft.AspNetCore.Mvc.Infrastructure.ControllerActionInvoker.<InvokeInnerFilterAsync>g__Awaited|13_0(ControllerActionInvoker invoker, Task lastTask, State next, Scope scope, Object state, Boolean isCompleted)\r\n   at Microsoft.AspNetCore.Mvc.Infrastructure.ResourceInvoker.<InvokeFilterPipelineAsync>g__Awaited|20_0(ResourceInvoker invoker, Task lastTask, State next, Scope scope, Object state, Boolean isCompleted)\r\n   at Microsoft.AspNetCore.Mvc.Infrastructure.ResourceInvoker.<InvokeAsync>g__Awaited|17_0(ResourceInvoker invoker, Task task, IDisposable scope)\r\n   at Microsoft.AspNetCore.Mvc.Infrastructure.ResourceInvoker.<InvokeAsync>g__Awaited|17_0(ResourceInvoker invoker, Task task, IDisposable scope)\r\n   at Microsoft.AspNetCore.Authorization.AuthorizationMiddleware.Invoke(HttpContext context)\r\n   at Microsoft.AspNetCore.Authentication.AuthenticationMiddleware.Invoke(HttpContext context)\r\n   at Microsoft.AspNetCore.Diagnostics.StatusCodePagesMiddleware.Invoke(HttpContext context)\r\n   at training.Middlewares.ExceptionMiddleware.Invoke(HttpContext context) in C:\\Users\\User\\Documents\\Developer\\dotNet\\training\\training\\Middlewares\\ExceptionMiddleware.cs:line 23\r\n  Exception data:\r\n    Severity: ERROR\r\n    SqlState: 42883\r\n    MessageText: procedure dara_sp_insert_employee(uuid, text, text, text, timestamp with time zone, uuid, text) does not exist\r\n    Hint: No procedure matches the given name and argument types. You might need to add explicit type casts.\r\n    Position: 6\r\n    File: parse_func.c\r\n    Line: 622\r\n    Routine: ParseFuncOrColumn","@tr":"794f5d0fd24759a7de7d48f5fc163020","@sp":"457ee4ad7947a633","Path":"/api/Employee","SourceContext":"training.Middlewares.ExceptionMiddleware","RequestId":"4000000c-0006-fd00-b63f-84710c7967bb","RequestPath":"/api/Employee"}
{"@t":"2025-05-25T13:40:24.3935219Z","@mt":"[Unhandled Error] {Path}","@l":"Error","@x":"Npgsql.PostgresException (0x80004005): 42883: procedure dara_sp_insert_employee(uuid, text, text, text, timestamp with time zone, uuid, text) does not exist\r\n\r\nPOSITION: 6\r\n   at Npgsql.Internal.NpgsqlConnector.ReadMessageLong(Boolean async, DataRowLoadingMode dataRowLoadingMode, Boolean readingNotifications, Boolean isReadingPrependedMessage)\r\n   at System.Runtime.CompilerServices.PoolingAsyncValueTaskMethodBuilder`1.StateMachineBox`1.System.Threading.Tasks.Sources.IValueTaskSource<TResult>.GetResult(Int16 token)\r\n   at Npgsql.NpgsqlDataReader.NextResult(Boolean async, Boolean isConsuming, CancellationToken cancellationToken)\r\n   at Npgsql.NpgsqlDataReader.NextResult(Boolean async, Boolean isConsuming, CancellationToken cancellationToken)\r\n   at Npgsql.NpgsqlCommand.ExecuteReader(Boolean async, CommandBehavior behavior, CancellationToken cancellationToken)\r\n   at Npgsql.NpgsqlCommand.ExecuteReader(Boolean async, CommandBehavior behavior, CancellationToken cancellationToken)\r\n   at Npgsql.NpgsqlCommand.ExecuteNonQuery(Boolean async, CancellationToken cancellationToken)\r\n   at Dapper.SqlMapper.ExecuteImplAsync(IDbConnection cnn, CommandDefinition command, Object param) in /_/Dapper/SqlMapper.Async.cs:line 662\r\n   at training.Repositories.EmployeeRepository.CallSpInsert(EmployeeDto employee) in C:\\Users\\User\\Documents\\Developer\\dotNet\\training\\training\\Repositories\\EmployeeRepository.cs:line 136\r\n   at training.Controllers.EmployeeController.Create(EmployeeDto dto) in C:\\Users\\User\\Documents\\Developer\\dotNet\\training\\training\\Controllers\\EmployeeController.cs:line 65\r\n   at Microsoft.AspNetCore.Mvc.Infrastructure.ActionMethodExecutor.TaskOfIActionResultExecutor.Execute(ActionContext actionContext, IActionResultTypeMapper mapper, ObjectMethodExecutor executor, Object controller, Object[] arguments)\r\n   at Microsoft.AspNetCore.Mvc.Infrastructure.ControllerActionInvoker.<InvokeActionMethodAsync>g__Awaited|12_0(ControllerActionInvoker invoker, ValueTask`1 actionResultValueTask)\r\n   at Microsoft.AspNetCore.Mvc.Infrastructure.ControllerActionInvoker.<InvokeNextActionFilterAsync>g__Awaited|10_0(ControllerActionInvoker invoker, Task lastTask, State next, Scope scope, Object state, Boolean isCompleted)\r\n   at Microsoft.AspNetCore.Mvc.Infrastructure.ControllerActionInvoker.Rethrow(ActionExecutedContextSealed context)\r\n   at Microsoft.AspNetCore.Mvc.Infrastructure.ControllerActionInvoker.Next(State& next, Scope& scope, Object& state, Boolean& isCompleted)\r\n   at Microsoft.AspNetCore.Mvc.Infrastructure.ControllerActionInvoker.<InvokeInnerFilterAsync>g__Awaited|13_0(ControllerActionInvoker invoker, Task lastTask, State next, Scope scope, Object state, Boolean isCompleted)\r\n   at Microsoft.AspNetCore.Mvc.Infrastructure.ResourceInvoker.<InvokeFilterPipelineAsync>g__Awaited|20_0(ResourceInvoker invoker, Task lastTask, State next, Scope scope, Object state, Boolean isCompleted)\r\n   at Microsoft.AspNetCore.Mvc.Infrastructure.ResourceInvoker.<InvokeAsync>g__Awaited|17_0(ResourceInvoker invoker, Task task, IDisposable scope)\r\n   at Microsoft.AspNetCore.Mvc.Infrastructure.ResourceInvoker.<InvokeAsync>g__Awaited|17_0(ResourceInvoker invoker, Task task, IDisposable scope)\r\n   at Microsoft.AspNetCore.Authorization.AuthorizationMiddleware.Invoke(HttpContext context)\r\n   at Microsoft.AspNetCore.Authentication.AuthenticationMiddleware.Invoke(HttpContext context)\r\n   at Microsoft.AspNetCore.Diagnostics.StatusCodePagesMiddleware.Invoke(HttpContext context)\r\n   at training.Middlewares.ExceptionMiddleware.Invoke(HttpContext context) in C:\\Users\\User\\Documents\\Developer\\dotNet\\training\\training\\Middlewares\\ExceptionMiddleware.cs:line 23\r\n  Exception data:\r\n    Severity: ERROR\r\n    SqlState: 42883\r\n    MessageText: procedure dara_sp_insert_employee(uuid, text, text, text, timestamp with time zone, uuid, text) does not exist\r\n    Hint: No procedure matches the given name and argument types. You might need to add explicit type casts.\r\n    Position: 6\r\n    File: parse_func.c\r\n    Line: 622\r\n    Routine: ParseFuncOrColumn","@tr":"8fd64219832df96d29b421e81fc0ec9d","@sp":"3b01c045ae216bc4","Path":"/api/Employee","SourceContext":"training.Middlewares.ExceptionMiddleware","RequestId":"40000037-000a-fd00-b63f-84710c7967bb","RequestPath":"/api/Employee"}
{"@t":"2025-05-25T13:40:42.7435006Z","@mt":"[Unhandled Error] {Path}","@l":"Error","@x":"Npgsql.PostgresException (0x80004005): 42883: procedure dara_sp_insert_employee(uuid, text, text, text, timestamp with time zone, uuid, text) does not exist\r\n\r\nPOSITION: 6\r\n   at Npgsql.Internal.NpgsqlConnector.ReadMessageLong(Boolean async, DataRowLoadingMode dataRowLoadingMode, Boolean readingNotifications, Boolean isReadingPrependedMessage)\r\n   at System.Runtime.CompilerServices.PoolingAsyncValueTaskMethodBuilder`1.StateMachineBox`1.System.Threading.Tasks.Sources.IValueTaskSource<TResult>.GetResult(Int16 token)\r\n   at Npgsql.NpgsqlDataReader.NextResult(Boolean async, Boolean isConsuming, CancellationToken cancellationToken)\r\n   at Npgsql.NpgsqlDataReader.NextResult(Boolean async, Boolean isConsuming, CancellationToken cancellationToken)\r\n   at Npgsql.NpgsqlCommand.ExecuteReader(Boolean async, CommandBehavior behavior, CancellationToken cancellationToken)\r\n   at Npgsql.NpgsqlCommand.ExecuteReader(Boolean async, CommandBehavior behavior, CancellationToken cancellationToken)\r\n   at Npgsql.NpgsqlCommand.ExecuteNonQuery(Boolean async, CancellationToken cancellationToken)\r\n   at Dapper.SqlMapper.ExecuteImplAsync(IDbConnection cnn, CommandDefinition command, Object param) in /_/Dapper/SqlMapper.Async.cs:line 662\r\n   at training.Repositories.EmployeeRepository.CallSpInsert(EmployeeDto employee) in C:\\Users\\User\\Documents\\Developer\\dotNet\\training\\training\\Repositories\\EmployeeRepository.cs:line 136\r\n   at training.Controllers.EmployeeController.Create(EmployeeDto dto) in C:\\Users\\User\\Documents\\Developer\\dotNet\\training\\training\\Controllers\\EmployeeController.cs:line 65\r\n   at Microsoft.AspNetCore.Mvc.Infrastructure.ActionMethodExecutor.TaskOfIActionResultExecutor.Execute(ActionContext actionContext, IActionResultTypeMapper mapper, ObjectMethodExecutor executor, Object controller, Object[] arguments)\r\n   at Microsoft.AspNetCore.Mvc.Infrastructure.ControllerActionInvoker.<InvokeActionMethodAsync>g__Awaited|12_0(ControllerActionInvoker invoker, ValueTask`1 actionResultValueTask)\r\n   at Microsoft.AspNetCore.Mvc.Infrastructure.ControllerActionInvoker.<InvokeNextActionFilterAsync>g__Awaited|10_0(ControllerActionInvoker invoker, Task lastTask, State next, Scope scope, Object state, Boolean isCompleted)\r\n   at Microsoft.AspNetCore.Mvc.Infrastructure.ControllerActionInvoker.Rethrow(ActionExecutedContextSealed context)\r\n   at Microsoft.AspNetCore.Mvc.Infrastructure.ControllerActionInvoker.Next(State& next, Scope& scope, Object& state, Boolean& isCompleted)\r\n   at Microsoft.AspNetCore.Mvc.Infrastructure.ControllerActionInvoker.<InvokeInnerFilterAsync>g__Awaited|13_0(ControllerActionInvoker invoker, Task lastTask, State next, Scope scope, Object state, Boolean isCompleted)\r\n   at Microsoft.AspNetCore.Mvc.Infrastructure.ResourceInvoker.<InvokeFilterPipelineAsync>g__Awaited|20_0(ResourceInvoker invoker, Task lastTask, State next, Scope scope, Object state, Boolean isCompleted)\r\n   at Microsoft.AspNetCore.Mvc.Infrastructure.ResourceInvoker.<InvokeAsync>g__Awaited|17_0(ResourceInvoker invoker, Task task, IDisposable scope)\r\n   at Microsoft.AspNetCore.Mvc.Infrastructure.ResourceInvoker.<InvokeAsync>g__Awaited|17_0(ResourceInvoker invoker, Task task, IDisposable scope)\r\n   at Microsoft.AspNetCore.Authorization.AuthorizationMiddleware.Invoke(HttpContext context)\r\n   at Microsoft.AspNetCore.Authentication.AuthenticationMiddleware.Invoke(HttpContext context)\r\n   at Microsoft.AspNetCore.Diagnostics.StatusCodePagesMiddleware.Invoke(HttpContext context)\r\n   at training.Middlewares.ExceptionMiddleware.Invoke(HttpContext context) in C:\\Users\\User\\Documents\\Developer\\dotNet\\training\\training\\Middlewares\\ExceptionMiddleware.cs:line 23\r\n  Exception data:\r\n    Severity: ERROR\r\n    SqlState: 42883\r\n    MessageText: procedure dara_sp_insert_employee(uuid, text, text, text, timestamp with time zone, uuid, text) does not exist\r\n    Hint: No procedure matches the given name and argument types. You might need to add explicit type casts.\r\n    Position: 6\r\n    File: parse_func.c\r\n    Line: 622\r\n    Routine: ParseFuncOrColumn","@tr":"de2f38845c862358087486a7fd63364a","@sp":"d461664d67f9a2fe","Path":"/api/Employee","SourceContext":"training.Middlewares.ExceptionMiddleware","RequestId":"40000011-0004-fe00-b63f-84710c7967bb","RequestPath":"/api/Employee"}
{"@t":"2025-05-25T13:42:49.0823383Z","@mt":"[Unhandled Error] {Path}","@l":"Error","@x":"Npgsql.PostgresException (0x80004005): 23505: duplicate key value violates unique constraint \"PK_dara_employees\"\r\n\r\nDETAIL: Detail redacted as it may contain sensitive data. Specify 'Include Error Detail' in the connection string to include this information.\r\n   at Npgsql.Internal.NpgsqlConnector.ReadMessageLong(Boolean async, DataRowLoadingMode dataRowLoadingMode, Boolean readingNotifications, Boolean isReadingPrependedMessage)\r\n   at System.Runtime.CompilerServices.PoolingAsyncValueTaskMethodBuilder`1.StateMachineBox`1.System.Threading.Tasks.Sources.IValueTaskSource<TResult>.GetResult(Int16 token)\r\n   at Npgsql.NpgsqlDataReader.NextResult(Boolean async, Boolean isConsuming, CancellationToken cancellationToken)\r\n   at Npgsql.NpgsqlDataReader.NextResult(Boolean async, Boolean isConsuming, CancellationToken cancellationToken)\r\n   at Npgsql.NpgsqlCommand.ExecuteReader(Boolean async, CommandBehavior behavior, CancellationToken cancellationToken)\r\n   at Npgsql.NpgsqlCommand.ExecuteReader(Boolean async, CommandBehavior behavior, CancellationToken cancellationToken)\r\n   at Npgsql.NpgsqlCommand.ExecuteNonQuery(Boolean async, CancellationToken cancellationToken)\r\n   at Dapper.SqlMapper.ExecuteImplAsync(IDbConnection cnn, CommandDefinition command, Object param) in /_/Dapper/SqlMapper.Async.cs:line 662\r\n   at training.Repositories.EmployeeRepository.CallSpInsert(EmployeeDto employee) in C:\\Users\\User\\Documents\\Developer\\dotNet\\training\\training\\Repositories\\EmployeeRepository.cs:line 136\r\n   at training.Controllers.EmployeeController.Create(EmployeeDto dto) in C:\\Users\\User\\Documents\\Developer\\dotNet\\training\\training\\Controllers\\EmployeeController.cs:line 65\r\n   at Microsoft.AspNetCore.Mvc.Infrastructure.ActionMethodExecutor.TaskOfIActionResultExecutor.Execute(ActionContext actionContext, IActionResultTypeMapper mapper, ObjectMethodExecutor executor, Object controller, Object[] arguments)\r\n   at Microsoft.AspNetCore.Mvc.Infrastructure.ControllerActionInvoker.<InvokeActionMethodAsync>g__Awaited|12_0(ControllerActionInvoker invoker, ValueTask`1 actionResultValueTask)\r\n   at Microsoft.AspNetCore.Mvc.Infrastructure.ControllerActionInvoker.<InvokeNextActionFilterAsync>g__Awaited|10_0(ControllerActionInvoker invoker, Task lastTask, State next, Scope scope, Object state, Boolean isCompleted)\r\n   at Microsoft.AspNetCore.Mvc.Infrastructure.ControllerActionInvoker.Rethrow(ActionExecutedContextSealed context)\r\n   at Microsoft.AspNetCore.Mvc.Infrastructure.ControllerActionInvoker.Next(State& next, Scope& scope, Object& state, Boolean& isCompleted)\r\n   at Microsoft.AspNetCore.Mvc.Infrastructure.ControllerActionInvoker.<InvokeInnerFilterAsync>g__Awaited|13_0(ControllerActionInvoker invoker, Task lastTask, State next, Scope scope, Object state, Boolean isCompleted)\r\n   at Microsoft.AspNetCore.Mvc.Infrastructure.ResourceInvoker.<InvokeFilterPipelineAsync>g__Awaited|20_0(ResourceInvoker invoker, Task lastTask, State next, Scope scope, Object state, Boolean isCompleted)\r\n   at Microsoft.AspNetCore.Mvc.Infrastructure.ResourceInvoker.<InvokeAsync>g__Awaited|17_0(ResourceInvoker invoker, Task task, IDisposable scope)\r\n   at Microsoft.AspNetCore.Mvc.Infrastructure.ResourceInvoker.<InvokeAsync>g__Awaited|17_0(ResourceInvoker invoker, Task task, IDisposable scope)\r\n   at Microsoft.AspNetCore.Authorization.AuthorizationMiddleware.Invoke(HttpContext context)\r\n   at Microsoft.AspNetCore.Authentication.AuthenticationMiddleware.Invoke(HttpContext context)\r\n   at Microsoft.AspNetCore.Diagnostics.StatusCodePagesMiddleware.Invoke(HttpContext context)\r\n   at training.Middlewares.ExceptionMiddleware.Invoke(HttpContext context) in C:\\Users\\User\\Documents\\Developer\\dotNet\\training\\training\\Middlewares\\ExceptionMiddleware.cs:line 23\r\n  Exception data:\r\n    Severity: ERROR\r\n    SqlState: 23505\r\n    MessageText: duplicate key value violates unique constraint \"PK_dara_employees\"\r\n    Detail: Detail redacted as it may contain sensitive data. Specify 'Include Error Detail' in the connection string to include this information.\r\n    Where: SQL statement \"INSERT INTO dara_employees (\r\n\t    employee_id, \r\n\t    first_name, \r\n\t    last_name, \r\n\t    email, \r\n\t    hire_date, \r\n\t    department_id, \r\n\t    create_date,\r\n\t    create_name)\r\n    VALUES (\r\n   \t\ti_employee_id, \r\n\t   \ti_first_name, \r\n\t    i_last_name, \r\n\t    i_email, \r\n\t    i_hire_date, \r\n\t    i_department_id, \r\n\t\tCURRENT_TIMESTAMP,\r\n\t\ti_create_name)\"\nPL/pgSQL function dara_sp_insert_employee(uuid,character varying,character varying,character varying,timestamp with time zone,uuid,character varying) line 3 at SQL statement\r\n    SchemaName: public\r\n    TableName: dara_employees\r\n    ConstraintName: PK_dara_employees\r\n    File: nbtinsert.c\r\n    Line: 570\r\n    Routine: _bt_check_unique","@tr":"c6bc7e6ecc4ffea565eb35b03c2d71a1","@sp":"6663dc950dbbd437","Path":"/api/Employee","SourceContext":"training.Middlewares.ExceptionMiddleware","RequestId":"40000011-0003-fd00-b63f-84710c7967bb","RequestPath":"/api/Employee"}
